Arguments: 
  /Users/alexshan/.nvm/versions/node/v12.19.0/bin/node /usr/local/bin/yarn add -W -D typescript @types/node @types/jest jest ts-node ts-jest tslint

PATH: 
  /Users/alexshan/.nvm/versions/node/v12.19.0/bin:/usr/local/bin:/usr/bin:/bin:/usr/sbin:/sbin:/Applications/VMware Fusion.app/Contents/Public:/Library/Apple/usr/bin:/Users/alexshan/Documents/development/flutter/bin

Yarn version: 
  1.22.10

Node version: 
  12.19.0

Platform: 
  darwin x64

Trace: 
  SyntaxError: /Users/alexshan/Desktop/Codes/github/lerna-repo/package.json: Unexpected token } in JSON at position 483
      at JSON.parse (<anonymous>)
      at /usr/local/lib/node_modules/yarn/lib/cli.js:1625:59
      at Generator.next (<anonymous>)
      at step (/usr/local/lib/node_modules/yarn/lib/cli.js:310:30)
      at /usr/local/lib/node_modules/yarn/lib/cli.js:321:13

npm manifest: 
  {
    "name": "lerna-repo",
    "private": true,
    "license": "MIT",
    "scripts": {
      "publish": "lerna run tsc && lerna publish from-git",
      "tsc": "lerna run tsc",
      "test": "lerna run --stream --concurrency 1 test",
      "tslint": "lerna run tslint --parallel",
      "lint:fix": "lerna run lint:fix --parallel --no-bail",
      "lint": "lerna run lint --parallel",
      "prettier": "lerna run prettier --parallel",
      "version:up": "lerna version --conventional-commits --amend",
    },
    "devDependencies": {
      "lerna": "^4.0.0"
    },
    "workspaces": [
      "packages/*"
    ]
  }

yarn manifest: 
  No manifest

Lockfile: 
  No lockfile
